2020-12-10 00:11:25.573  INFO DESKTOP-422J18Q --- [     Thread-103] c.z.h.HikariDataSource                   : HikariPool-18 - Shutdown initiated...
2020-12-10 00:11:25.835  INFO DESKTOP-422J18Q --- [     Thread-103] c.z.h.HikariDataSource                   : HikariPool-18 - Shutdown completed.
2020-12-10 00:11:27.485  INFO DESKTOP-422J18Q --- [  restartedMain] c.f.s.OrderManagementSystemApplication   : Starting OrderManagementSystemApplication using Java 14.0.2 on DESKTOP-422J18Q with PID 10444 (E:\Distribuidos\system2\OrderManagementSystem\target\classes started by Usuario in E:\Distribuidos\system2\OrderManagementSystem)
2020-12-10 00:11:27.487  INFO DESKTOP-422J18Q --- [  restartedMain] c.f.s.OrderManagementSystemApplication   : No active profile set, falling back to default profiles: default
2020-12-10 00:11:28.494  INFO DESKTOP-422J18Q --- [  restartedMain] o.a.c.h.Http11NioProtocol                : Initializing ProtocolHandler ["http-nio-8080"]
2020-12-10 00:11:28.495  INFO DESKTOP-422J18Q --- [  restartedMain] o.a.c.c.StandardService                  : Starting service [Tomcat]
2020-12-10 00:11:28.495  INFO DESKTOP-422J18Q --- [  restartedMain] o.a.c.c.StandardEngine                   : Starting Servlet engine: [Apache Tomcat/9.0.39]
2020-12-10 00:11:28.541  INFO DESKTOP-422J18Q --- [  restartedMain] o.a.c.c.C.[.[.[/]                        : Initializing Spring embedded WebApplicationContext
2020-12-10 00:11:28.664  INFO DESKTOP-422J18Q --- [         task-1] o.h.j.i.u.LogHelper                      : HHH000204: Processing PersistenceUnitInfo [name: default]
2020-12-10 00:11:28.684  INFO DESKTOP-422J18Q --- [         task-1] c.z.h.HikariDataSource                   : HikariPool-19 - Starting...
2020-12-10 00:11:28.907  INFO DESKTOP-422J18Q --- [         task-1] c.z.h.HikariDataSource                   : HikariPool-19 - Start completed.
2020-12-10 00:11:28.910  INFO DESKTOP-422J18Q --- [         task-1] o.h.d.Dialect                            : HHH000400: Using dialect: org.hibernate.dialect.PostgreSQLDialect
2020-12-10 00:11:29.086  INFO DESKTOP-422J18Q --- [  restartedMain] o.a.c.h.Http11NioProtocol                : Starting ProtocolHandler ["http-nio-8080"]
2020-12-10 00:11:30.144  INFO DESKTOP-422J18Q --- [         task-1] o.h.e.t.j.p.i.JtaPlatformInitiator       : HHH000490: Using JtaPlatform implementation: [org.hibernate.engine.transaction.jta.platform.internal.NoJtaPlatform]
2020-12-10 00:11:30.439  INFO DESKTOP-422J18Q --- [  restartedMain] c.f.s.OrderManagementSystemApplication   : Started OrderManagementSystemApplication in 3.266 seconds (JVM running for 7024.758)
2020-12-10 00:30:39.255  INFO DESKTOP-422J18Q --- [io-8080-exec-10] o.a.c.c.C.[.[.[/]                        : Initializing Spring DispatcherServlet 'dispatcherServlet'
2020-12-10 00:50:20.065  INFO DESKTOP-422J18Q --- [     Thread-110] c.z.h.HikariDataSource                   : HikariPool-19 - Shutdown initiated...
2020-12-10 00:50:20.086  INFO DESKTOP-422J18Q --- [     Thread-110] c.z.h.HikariDataSource                   : HikariPool-19 - Shutdown completed.
2020-12-10 00:50:21.430  INFO DESKTOP-422J18Q --- [  restartedMain] c.f.s.OrderManagementSystemApplication   : Starting OrderManagementSystemApplication using Java 14.0.2 on DESKTOP-422J18Q with PID 10444 (E:\Distribuidos\system2\OrderManagementSystem\target\classes started by Usuario in E:\Distribuidos\system2\OrderManagementSystem)
2020-12-10 00:50:21.433  INFO DESKTOP-422J18Q --- [  restartedMain] c.f.s.OrderManagementSystemApplication   : No active profile set, falling back to default profiles: default
2020-12-10 00:50:23.094  INFO DESKTOP-422J18Q --- [  restartedMain] o.a.c.h.Http11NioProtocol                : Initializing ProtocolHandler ["http-nio-8080"]
2020-12-10 00:50:23.095  INFO DESKTOP-422J18Q --- [  restartedMain] o.a.c.c.StandardService                  : Starting service [Tomcat]
2020-12-10 00:50:23.095  INFO DESKTOP-422J18Q --- [  restartedMain] o.a.c.c.StandardEngine                   : Starting Servlet engine: [Apache Tomcat/9.0.39]
2020-12-10 00:50:23.156  INFO DESKTOP-422J18Q --- [  restartedMain] o.a.c.c.C.[.[.[/]                        : Initializing Spring embedded WebApplicationContext
2020-12-10 00:50:23.261  INFO DESKTOP-422J18Q --- [         task-1] o.h.j.i.u.LogHelper                      : HHH000204: Processing PersistenceUnitInfo [name: default]
2020-12-10 00:50:23.291  INFO DESKTOP-422J18Q --- [         task-1] c.z.h.HikariDataSource                   : HikariPool-20 - Starting...
2020-12-10 00:50:23.657  INFO DESKTOP-422J18Q --- [         task-1] c.z.h.HikariDataSource                   : HikariPool-20 - Start completed.
2020-12-10 00:50:23.663  INFO DESKTOP-422J18Q --- [         task-1] o.h.d.Dialect                            : HHH000400: Using dialect: org.hibernate.dialect.PostgreSQLDialect
2020-12-10 00:50:24.066  INFO DESKTOP-422J18Q --- [  restartedMain] o.a.c.h.Http11NioProtocol                : Starting ProtocolHandler ["http-nio-8080"]
2020-12-10 00:50:24.982  INFO DESKTOP-422J18Q --- [         task-1] o.h.e.t.j.p.i.JtaPlatformInitiator       : HHH000490: Using JtaPlatform implementation: [org.hibernate.engine.transaction.jta.platform.internal.NoJtaPlatform]
2020-12-10 00:50:25.270  INFO DESKTOP-422J18Q --- [  restartedMain] c.f.s.OrderManagementSystemApplication   : Started OrderManagementSystemApplication in 4.23 seconds (JVM running for 9359.589)
2020-12-10 00:50:56.295  INFO DESKTOP-422J18Q --- [     Thread-116] c.z.h.HikariDataSource                   : HikariPool-20 - Shutdown initiated...
2020-12-10 00:50:56.302  INFO DESKTOP-422J18Q --- [     Thread-116] c.z.h.HikariDataSource                   : HikariPool-20 - Shutdown completed.
2020-12-10 00:50:56.628  INFO DESKTOP-422J18Q --- [  restartedMain] c.f.s.OrderManagementSystemApplication   : Starting OrderManagementSystemApplication using Java 14.0.2 on DESKTOP-422J18Q with PID 10444 (E:\Distribuidos\system2\OrderManagementSystem\target\classes started by Usuario in E:\Distribuidos\system2\OrderManagementSystem)
2020-12-10 00:50:56.630  INFO DESKTOP-422J18Q --- [  restartedMain] c.f.s.OrderManagementSystemApplication   : No active profile set, falling back to default profiles: default
2020-12-10 00:50:57.368  INFO DESKTOP-422J18Q --- [  restartedMain] o.a.c.h.Http11NioProtocol                : Initializing ProtocolHandler ["http-nio-8080"]
2020-12-10 00:50:57.368  INFO DESKTOP-422J18Q --- [  restartedMain] o.a.c.c.StandardService                  : Starting service [Tomcat]
2020-12-10 00:50:57.369  INFO DESKTOP-422J18Q --- [  restartedMain] o.a.c.c.StandardEngine                   : Starting Servlet engine: [Apache Tomcat/9.0.39]
2020-12-10 00:50:57.414  INFO DESKTOP-422J18Q --- [  restartedMain] o.a.c.c.C.[.[.[/]                        : Initializing Spring embedded WebApplicationContext
2020-12-10 00:50:57.503  INFO DESKTOP-422J18Q --- [         task-1] o.h.j.i.u.LogHelper                      : HHH000204: Processing PersistenceUnitInfo [name: default]
2020-12-10 00:50:57.538  INFO DESKTOP-422J18Q --- [         task-1] c.z.h.HikariDataSource                   : HikariPool-21 - Starting...
2020-12-10 00:50:57.640  INFO DESKTOP-422J18Q --- [         task-1] c.z.h.HikariDataSource                   : HikariPool-21 - Start completed.
2020-12-10 00:50:57.641  INFO DESKTOP-422J18Q --- [         task-1] o.h.d.Dialect                            : HHH000400: Using dialect: org.hibernate.dialect.PostgreSQLDialect
2020-12-10 00:50:58.015  INFO DESKTOP-422J18Q --- [  restartedMain] o.a.c.h.Http11NioProtocol                : Starting ProtocolHandler ["http-nio-8080"]
2020-12-10 00:50:58.680  INFO DESKTOP-422J18Q --- [         task-1] o.h.e.t.j.p.i.JtaPlatformInitiator       : HHH000490: Using JtaPlatform implementation: [org.hibernate.engine.transaction.jta.platform.internal.NoJtaPlatform]
2020-12-10 00:50:58.980  INFO DESKTOP-422J18Q --- [  restartedMain] c.f.s.OrderManagementSystemApplication   : Started OrderManagementSystemApplication in 2.488 seconds (JVM running for 9393.299)
2020-12-10 01:10:48.334  INFO DESKTOP-422J18Q --- [nio-8080-exec-2] o.a.c.c.C.[.[.[/]                        : Initializing Spring DispatcherServlet 'dispatcherServlet'
2020-12-10 01:13:25.390  INFO DESKTOP-422J18Q --- [     Thread-122] c.z.h.HikariDataSource                   : HikariPool-21 - Shutdown initiated...
2020-12-10 01:13:25.400  INFO DESKTOP-422J18Q --- [     Thread-122] c.z.h.HikariDataSource                   : HikariPool-21 - Shutdown completed.
2020-12-10 01:13:26.047  INFO DESKTOP-422J18Q --- [  restartedMain] c.f.s.OrderManagementSystemApplication   : Starting OrderManagementSystemApplication using Java 14.0.2 on DESKTOP-422J18Q with PID 10444 (E:\Distribuidos\system2\OrderManagementSystem\target\classes started by Usuario in E:\Distribuidos\system2\OrderManagementSystem)
2020-12-10 01:13:26.050  INFO DESKTOP-422J18Q --- [  restartedMain] c.f.s.OrderManagementSystemApplication   : No active profile set, falling back to default profiles: default
2020-12-10 01:13:27.197  INFO DESKTOP-422J18Q --- [  restartedMain] o.a.c.h.Http11NioProtocol                : Initializing ProtocolHandler ["http-nio-8080"]
2020-12-10 01:13:27.198  INFO DESKTOP-422J18Q --- [  restartedMain] o.a.c.c.StandardService                  : Starting service [Tomcat]
2020-12-10 01:13:27.198  INFO DESKTOP-422J18Q --- [  restartedMain] o.a.c.c.StandardEngine                   : Starting Servlet engine: [Apache Tomcat/9.0.39]
2020-12-10 01:13:27.264  INFO DESKTOP-422J18Q --- [  restartedMain] o.a.c.c.C.[.[.[/]                        : Initializing Spring embedded WebApplicationContext
2020-12-10 01:13:27.531  INFO DESKTOP-422J18Q --- [         task-1] o.h.j.i.u.LogHelper                      : HHH000204: Processing PersistenceUnitInfo [name: default]
2020-12-10 01:13:27.588  INFO DESKTOP-422J18Q --- [         task-1] c.z.h.HikariDataSource                   : HikariPool-22 - Starting...
2020-12-10 01:13:27.833  INFO DESKTOP-422J18Q --- [         task-1] c.z.h.HikariDataSource                   : HikariPool-22 - Start completed.
2020-12-10 01:13:27.839  INFO DESKTOP-422J18Q --- [         task-1] o.h.d.Dialect                            : HHH000400: Using dialect: org.hibernate.dialect.PostgreSQLDialect
2020-12-10 01:13:28.954  INFO DESKTOP-422J18Q --- [         task-1] o.h.e.t.j.p.i.JtaPlatformInitiator       : HHH000490: Using JtaPlatform implementation: [org.hibernate.engine.transaction.jta.platform.internal.NoJtaPlatform]
2020-12-10 01:13:28.957  INFO DESKTOP-422J18Q --- [  restartedMain] c.z.h.HikariDataSource                   : HikariPool-22 - Shutdown initiated...
2020-12-10 01:13:28.965  INFO DESKTOP-422J18Q --- [  restartedMain] c.z.h.HikariDataSource                   : HikariPool-22 - Shutdown completed.
2020-12-10 01:13:28.967  INFO DESKTOP-422J18Q --- [  restartedMain] o.a.c.c.StandardService                  : Stopping service [Tomcat]
2020-12-10 01:13:28.985 ERROR DESKTOP-422J18Q --- [  restartedMain] o.s.b.SpringApplication                  : Application run failed
org.springframework.beans.factory.BeanCreationException: Error creating bean with name 'roleController' defined in file [E:\Distribuidos\system2\OrderManagementSystem\target\classes\com\fiuni\sd\Controller\Role\RoleController.class]: Instantiation of bean failed; nested exception is org.springframework.beans.BeanInstantiationException: Failed to instantiate [com.fiuni.sd.Controller.Role.RoleController]: Constructor threw exception; nested exception is java.lang.Error: Unresolved compilation problems: 
	Syntax error on token ""/{id}"", invalid MemberValuePairs
	Syntax error on tokens, delete these tokens

	at org.springframework.beans.factory.support.AbstractAutowireCapableBeanFactory.instantiateBean(AbstractAutowireCapableBeanFactory.java:1318)
	at org.springframework.beans.factory.support.AbstractAutowireCapableBeanFactory.createBeanInstance(AbstractAutowireCapableBeanFactory.java:1216)
	at org.springframework.beans.factory.support.AbstractAutowireCapableBeanFactory.doCreateBean(AbstractAutowireCapableBeanFactory.java:571)
	at org.springframework.beans.factory.support.AbstractAutowireCapableBeanFactory.createBean(AbstractAutowireCapableBeanFactory.java:531)
	at org.springframework.beans.factory.support.AbstractBeanFactory.lambda$doGetBean$0(AbstractBeanFactory.java:335)
	at org.springframework.beans.factory.support.DefaultSingletonBeanRegistry.getSingleton(DefaultSingletonBeanRegistry.java:234)
	at org.springframework.beans.factory.support.AbstractBeanFactory.doGetBean(AbstractBeanFactory.java:333)
	at org.springframework.beans.factory.support.AbstractBeanFactory.getBean(AbstractBeanFactory.java:208)
	at org.springframework.beans.factory.support.DefaultListableBeanFactory.preInstantiateSingletons(DefaultListableBeanFactory.java:944)
	at org.springframework.context.support.AbstractApplicationContext.finishBeanFactoryInitialization(AbstractApplicationContext.java:925)
	at org.springframework.context.support.AbstractApplicationContext.refresh(AbstractApplicationContext.java:588)
	at org.springframework.boot.web.servlet.context.ServletWebServerApplicationContext.refresh(ServletWebServerApplicationContext.java:144)
	at org.springframework.boot.SpringApplication.refresh(SpringApplication.java:767)
	at org.springframework.boot.SpringApplication.refresh(SpringApplication.java:759)
	at org.springframework.boot.SpringApplication.refreshContext(SpringApplication.java:426)
	at org.springframework.boot.SpringApplication.run(SpringApplication.java:326)
	at org.springframework.boot.SpringApplication.run(SpringApplication.java:1309)
	at org.springframework.boot.SpringApplication.run(SpringApplication.java:1298)
	at com.fiuni.sd.OrderManagementSystemApplication.main(OrderManagementSystemApplication.java:10)
	at java.base/jdk.internal.reflect.NativeMethodAccessorImpl.invoke0(Native Method)
	at java.base/jdk.internal.reflect.NativeMethodAccessorImpl.invoke(NativeMethodAccessorImpl.java:62)
	at java.base/jdk.internal.reflect.DelegatingMethodAccessorImpl.invoke(DelegatingMethodAccessorImpl.java:43)
	at java.base/java.lang.reflect.Method.invoke(Method.java:564)
	at org.springframework.boot.devtools.restart.RestartLauncher.run(RestartLauncher.java:49)
Caused by: org.springframework.beans.BeanInstantiationException: Failed to instantiate [com.fiuni.sd.Controller.Role.RoleController]: Constructor threw exception; nested exception is java.lang.Error: Unresolved compilation problems: 
	Syntax error on token ""/{id}"", invalid MemberValuePairs
	Syntax error on tokens, delete these tokens

	at org.springframework.beans.BeanUtils.instantiateClass(BeanUtils.java:225)
	at org.springframework.beans.factory.support.SimpleInstantiationStrategy.instantiate(SimpleInstantiationStrategy.java:87)
	at org.springframework.beans.factory.support.AbstractAutowireCapableBeanFactory.instantiateBean(AbstractAutowireCapableBeanFactory.java:1310)
	... 23 more
Caused by: java.lang.Error: Unresolved compilation problems: 
	Syntax error on token ""/{id}"", invalid MemberValuePairs
	Syntax error on tokens, delete these tokens

	at com.fiuni.sd.Controller.Role.RoleController.<init>(RoleController.java:53)
	at java.base/jdk.internal.reflect.NativeConstructorAccessorImpl.newInstance0(Native Method)
	at java.base/jdk.internal.reflect.NativeConstructorAccessorImpl.newInstance(NativeConstructorAccessorImpl.java:62)
	at java.base/jdk.internal.reflect.DelegatingConstructorAccessorImpl.newInstance(DelegatingConstructorAccessorImpl.java:45)
	at java.base/java.lang.reflect.Constructor.newInstanceWithCaller(Constructor.java:500)
	at java.base/java.lang.reflect.Constructor.newInstance(Constructor.java:481)
	at org.springframework.beans.BeanUtils.instantiateClass(BeanUtils.java:212)
	... 25 more
2020-12-10 01:14:54.505  INFO DESKTOP-422J18Q --- [  restartedMain] c.f.s.OrderManagementSystemApplication   : Starting OrderManagementSystemApplication using Java 14.0.2 on DESKTOP-422J18Q with PID 10444 (E:\Distribuidos\system2\OrderManagementSystem\target\classes started by Usuario in E:\Distribuidos\system2\OrderManagementSystem)
2020-12-10 01:14:54.506  INFO DESKTOP-422J18Q --- [  restartedMain] c.f.s.OrderManagementSystemApplication   : No active profile set, falling back to default profiles: default
2020-12-10 01:14:55.113  INFO DESKTOP-422J18Q --- [  restartedMain] o.a.c.h.Http11NioProtocol                : Initializing ProtocolHandler ["http-nio-8080"]
2020-12-10 01:14:55.114  INFO DESKTOP-422J18Q --- [  restartedMain] o.a.c.c.StandardService                  : Starting service [Tomcat]
2020-12-10 01:14:55.115  INFO DESKTOP-422J18Q --- [  restartedMain] o.a.c.c.StandardEngine                   : Starting Servlet engine: [Apache Tomcat/9.0.39]
2020-12-10 01:14:55.172  INFO DESKTOP-422J18Q --- [  restartedMain] o.a.c.c.C.[.[.[/]                        : Initializing Spring embedded WebApplicationContext
2020-12-10 01:14:55.293  INFO DESKTOP-422J18Q --- [         task-1] o.h.j.i.u.LogHelper                      : HHH000204: Processing PersistenceUnitInfo [name: default]
2020-12-10 01:14:55.307  INFO DESKTOP-422J18Q --- [         task-1] c.z.h.HikariDataSource                   : HikariPool-23 - Starting...
2020-12-10 01:14:55.438  INFO DESKTOP-422J18Q --- [         task-1] c.z.h.HikariDataSource                   : HikariPool-23 - Start completed.
2020-12-10 01:14:55.439  INFO DESKTOP-422J18Q --- [         task-1] o.h.d.Dialect                            : HHH000400: Using dialect: org.hibernate.dialect.PostgreSQLDialect
2020-12-10 01:14:55.787  INFO DESKTOP-422J18Q --- [  restartedMain] o.a.c.h.Http11NioProtocol                : Starting ProtocolHandler ["http-nio-8080"]
2020-12-10 01:14:56.687  INFO DESKTOP-422J18Q --- [         task-1] o.h.e.t.j.p.i.JtaPlatformInitiator       : HHH000490: Using JtaPlatform implementation: [org.hibernate.engine.transaction.jta.platform.internal.NoJtaPlatform]
2020-12-10 01:14:56.936  INFO DESKTOP-422J18Q --- [  restartedMain] c.f.s.OrderManagementSystemApplication   : Started OrderManagementSystemApplication in 2.587 seconds (JVM running for 10831.255)
2020-12-10 01:15:10.170  INFO DESKTOP-422J18Q --- [nio-8080-exec-2] o.a.c.c.C.[.[.[/]                        : Initializing Spring DispatcherServlet 'dispatcherServlet'
2020-12-10 01:54:28.799  INFO DESKTOP-422J18Q --- [     Thread-128] c.z.h.HikariDataSource                   : HikariPool-23 - Shutdown initiated...
2020-12-10 01:54:28.816  INFO DESKTOP-422J18Q --- [     Thread-128] c.z.h.HikariDataSource                   : HikariPool-23 - Shutdown completed.
2020-12-10 01:54:29.262  INFO DESKTOP-422J18Q --- [  restartedMain] c.f.s.OrderManagementSystemApplication   : Starting OrderManagementSystemApplication using Java 14.0.2 on DESKTOP-422J18Q with PID 10444 (E:\Distribuidos\system2\OrderManagementSystem\target\classes started by Usuario in E:\Distribuidos\system2\OrderManagementSystem)
2020-12-10 01:54:29.264  INFO DESKTOP-422J18Q --- [  restartedMain] c.f.s.OrderManagementSystemApplication   : No active profile set, falling back to default profiles: default
2020-12-10 01:54:30.089  INFO DESKTOP-422J18Q --- [  restartedMain] o.a.c.h.Http11NioProtocol                : Initializing ProtocolHandler ["http-nio-8080"]
2020-12-10 01:54:30.089  INFO DESKTOP-422J18Q --- [  restartedMain] o.a.c.c.StandardService                  : Starting service [Tomcat]
2020-12-10 01:54:30.090  INFO DESKTOP-422J18Q --- [  restartedMain] o.a.c.c.StandardEngine                   : Starting Servlet engine: [Apache Tomcat/9.0.39]
2020-12-10 01:54:30.139  INFO DESKTOP-422J18Q --- [  restartedMain] o.a.c.c.C.[.[.[/]                        : Initializing Spring embedded WebApplicationContext
2020-12-10 01:54:30.261  INFO DESKTOP-422J18Q --- [         task-1] o.h.j.i.u.LogHelper                      : HHH000204: Processing PersistenceUnitInfo [name: default]
2020-12-10 01:54:30.289  INFO DESKTOP-422J18Q --- [         task-1] c.z.h.HikariDataSource                   : HikariPool-24 - Starting...
2020-12-10 01:54:30.405  INFO DESKTOP-422J18Q --- [         task-1] c.z.h.HikariDataSource                   : HikariPool-24 - Start completed.
2020-12-10 01:54:30.410  INFO DESKTOP-422J18Q --- [         task-1] o.h.d.Dialect                            : HHH000400: Using dialect: org.hibernate.dialect.PostgreSQLDialect
2020-12-10 01:54:30.658  INFO DESKTOP-422J18Q --- [  restartedMain] o.a.c.h.Http11NioProtocol                : Starting ProtocolHandler ["http-nio-8080"]
2020-12-10 01:54:31.474  INFO DESKTOP-422J18Q --- [         task-1] o.h.e.t.j.p.i.JtaPlatformInitiator       : HHH000490: Using JtaPlatform implementation: [org.hibernate.engine.transaction.jta.platform.internal.NoJtaPlatform]
2020-12-10 01:54:31.635  INFO DESKTOP-422J18Q --- [  restartedMain] c.f.s.OrderManagementSystemApplication   : Started OrderManagementSystemApplication in 2.59 seconds (JVM running for 13205.954)
2020-12-10 01:55:01.566  INFO DESKTOP-422J18Q --- [nio-8080-exec-2] o.a.c.c.C.[.[.[/]                        : Initializing Spring DispatcherServlet 'dispatcherServlet'
2020-12-10 02:00:27.248  INFO DESKTOP-422J18Q --- [     Thread-138] c.z.h.HikariDataSource                   : HikariPool-24 - Shutdown initiated...
2020-12-10 02:00:27.266  INFO DESKTOP-422J18Q --- [     Thread-138] c.z.h.HikariDataSource                   : HikariPool-24 - Shutdown completed.
2020-12-10 02:00:27.565  INFO DESKTOP-422J18Q --- [  restartedMain] c.f.s.OrderManagementSystemApplication   : Starting OrderManagementSystemApplication using Java 14.0.2 on DESKTOP-422J18Q with PID 10444 (E:\Distribuidos\system2\OrderManagementSystem\target\classes started by Usuario in E:\Distribuidos\system2\OrderManagementSystem)
2020-12-10 02:00:27.567  INFO DESKTOP-422J18Q --- [  restartedMain] c.f.s.OrderManagementSystemApplication   : No active profile set, falling back to default profiles: default
2020-12-10 02:00:28.107  INFO DESKTOP-422J18Q --- [  restartedMain] o.a.c.h.Http11NioProtocol                : Initializing ProtocolHandler ["http-nio-8080"]
2020-12-10 02:00:28.107  INFO DESKTOP-422J18Q --- [  restartedMain] o.a.c.c.StandardService                  : Starting service [Tomcat]
2020-12-10 02:00:28.107  INFO DESKTOP-422J18Q --- [  restartedMain] o.a.c.c.StandardEngine                   : Starting Servlet engine: [Apache Tomcat/9.0.39]
2020-12-10 02:00:28.145  INFO DESKTOP-422J18Q --- [  restartedMain] o.a.c.c.C.[.[.[/]                        : Initializing Spring embedded WebApplicationContext
2020-12-10 02:00:28.251  INFO DESKTOP-422J18Q --- [         task-1] o.h.j.i.u.LogHelper                      : HHH000204: Processing PersistenceUnitInfo [name: default]
2020-12-10 02:00:28.262  INFO DESKTOP-422J18Q --- [         task-1] c.z.h.HikariDataSource                   : HikariPool-25 - Starting...
2020-12-10 02:00:28.400  INFO DESKTOP-422J18Q --- [         task-1] c.z.h.HikariDataSource                   : HikariPool-25 - Start completed.
2020-12-10 02:00:28.401  INFO DESKTOP-422J18Q --- [         task-1] o.h.d.Dialect                            : HHH000400: Using dialect: org.hibernate.dialect.PostgreSQLDialect
2020-12-10 02:00:28.596  INFO DESKTOP-422J18Q --- [  restartedMain] o.a.c.h.Http11NioProtocol                : Starting ProtocolHandler ["http-nio-8080"]
2020-12-10 02:00:29.415  INFO DESKTOP-422J18Q --- [         task-1] o.h.e.t.j.p.i.JtaPlatformInitiator       : HHH000490: Using JtaPlatform implementation: [org.hibernate.engine.transaction.jta.platform.internal.NoJtaPlatform]
2020-12-10 02:00:29.583  INFO DESKTOP-422J18Q --- [  restartedMain] c.f.s.OrderManagementSystemApplication   : Started OrderManagementSystemApplication in 2.133 seconds (JVM running for 13563.901)
2020-12-10 02:01:35.629  INFO DESKTOP-422J18Q --- [     Thread-144] c.z.h.HikariDataSource                   : HikariPool-25 - Shutdown initiated...
2020-12-10 02:01:35.640  INFO DESKTOP-422J18Q --- [     Thread-144] c.z.h.HikariDataSource                   : HikariPool-25 - Shutdown completed.
2020-12-10 02:01:35.921  INFO DESKTOP-422J18Q --- [  restartedMain] c.f.s.OrderManagementSystemApplication   : Starting OrderManagementSystemApplication using Java 14.0.2 on DESKTOP-422J18Q with PID 10444 (E:\Distribuidos\system2\OrderManagementSystem\target\classes started by Usuario in E:\Distribuidos\system2\OrderManagementSystem)
2020-12-10 02:01:35.922  INFO DESKTOP-422J18Q --- [  restartedMain] c.f.s.OrderManagementSystemApplication   : No active profile set, falling back to default profiles: default
2020-12-10 02:01:36.416  INFO DESKTOP-422J18Q --- [  restartedMain] o.a.c.h.Http11NioProtocol                : Initializing ProtocolHandler ["http-nio-8080"]
2020-12-10 02:01:36.417  INFO DESKTOP-422J18Q --- [  restartedMain] o.a.c.c.StandardService                  : Starting service [Tomcat]
2020-12-10 02:01:36.418  INFO DESKTOP-422J18Q --- [  restartedMain] o.a.c.c.StandardEngine                   : Starting Servlet engine: [Apache Tomcat/9.0.39]
2020-12-10 02:01:36.453  INFO DESKTOP-422J18Q --- [  restartedMain] o.a.c.c.C.[.[.[/]                        : Initializing Spring embedded WebApplicationContext
2020-12-10 02:01:36.559  INFO DESKTOP-422J18Q --- [         task-1] o.h.j.i.u.LogHelper                      : HHH000204: Processing PersistenceUnitInfo [name: default]
2020-12-10 02:01:36.573  INFO DESKTOP-422J18Q --- [         task-1] c.z.h.HikariDataSource                   : HikariPool-26 - Starting...
2020-12-10 02:01:36.686  INFO DESKTOP-422J18Q --- [         task-1] c.z.h.HikariDataSource                   : HikariPool-26 - Start completed.
2020-12-10 02:01:36.686  INFO DESKTOP-422J18Q --- [         task-1] o.h.d.Dialect                            : HHH000400: Using dialect: org.hibernate.dialect.PostgreSQLDialect
2020-12-10 02:01:36.924  INFO DESKTOP-422J18Q --- [  restartedMain] o.a.c.h.Http11NioProtocol                : Starting ProtocolHandler ["http-nio-8080"]
2020-12-10 02:01:37.598  INFO DESKTOP-422J18Q --- [         task-1] o.h.e.t.j.p.i.JtaPlatformInitiator       : HHH000490: Using JtaPlatform implementation: [org.hibernate.engine.transaction.jta.platform.internal.NoJtaPlatform]
2020-12-10 02:01:37.737  INFO DESKTOP-422J18Q --- [  restartedMain] c.f.s.OrderManagementSystemApplication   : Started OrderManagementSystemApplication in 1.925 seconds (JVM running for 13632.056)
2020-12-10 02:08:37.513  INFO DESKTOP-422J18Q --- [     Thread-150] c.z.h.HikariDataSource                   : HikariPool-26 - Shutdown initiated...
2020-12-10 02:08:37.524  INFO DESKTOP-422J18Q --- [     Thread-150] c.z.h.HikariDataSource                   : HikariPool-26 - Shutdown completed.
2020-12-10 02:08:37.802  INFO DESKTOP-422J18Q --- [  restartedMain] c.f.s.OrderManagementSystemApplication   : Starting OrderManagementSystemApplication using Java 14.0.2 on DESKTOP-422J18Q with PID 10444 (E:\Distribuidos\system2\OrderManagementSystem\target\classes started by Usuario in E:\Distribuidos\system2\OrderManagementSystem)
2020-12-10 02:08:37.804  INFO DESKTOP-422J18Q --- [  restartedMain] c.f.s.OrderManagementSystemApplication   : No active profile set, falling back to default profiles: default
2020-12-10 02:08:38.647  INFO DESKTOP-422J18Q --- [  restartedMain] o.a.c.h.Http11NioProtocol                : Initializing ProtocolHandler ["http-nio-8080"]
2020-12-10 02:08:38.647  INFO DESKTOP-422J18Q --- [  restartedMain] o.a.c.c.StandardService                  : Starting service [Tomcat]
2020-12-10 02:08:38.648  INFO DESKTOP-422J18Q --- [  restartedMain] o.a.c.c.StandardEngine                   : Starting Servlet engine: [Apache Tomcat/9.0.39]
2020-12-10 02:08:38.714  INFO DESKTOP-422J18Q --- [  restartedMain] o.a.c.c.C.[.[.[/]                        : Initializing Spring embedded WebApplicationContext
2020-12-10 02:08:38.854  INFO DESKTOP-422J18Q --- [         task-1] o.h.j.i.u.LogHelper                      : HHH000204: Processing PersistenceUnitInfo [name: default]
2020-12-10 02:08:38.871  INFO DESKTOP-422J18Q --- [         task-1] c.z.h.HikariDataSource                   : HikariPool-27 - Starting...
2020-12-10 02:08:38.984  INFO DESKTOP-422J18Q --- [         task-1] c.z.h.HikariDataSource                   : HikariPool-27 - Start completed.
2020-12-10 02:08:38.985  INFO DESKTOP-422J18Q --- [         task-1] o.h.d.Dialect                            : HHH000400: Using dialect: org.hibernate.dialect.PostgreSQLDialect
2020-12-10 02:08:39.326  INFO DESKTOP-422J18Q --- [  restartedMain] o.a.c.h.Http11NioProtocol                : Starting ProtocolHandler ["http-nio-8080"]
2020-12-10 02:08:40.152  INFO DESKTOP-422J18Q --- [         task-1] o.h.e.t.j.p.i.JtaPlatformInitiator       : HHH000490: Using JtaPlatform implementation: [org.hibernate.engine.transaction.jta.platform.internal.NoJtaPlatform]
2020-12-10 02:08:40.321  INFO DESKTOP-422J18Q --- [  restartedMain] c.f.s.OrderManagementSystemApplication   : Started OrderManagementSystemApplication in 2.623 seconds (JVM running for 14054.64)
